<?xml version="1.0" encoding="UTF-8"?>
<testng-results total="2" passed="2" failed="0" skipped="0">
  <reporter-output>
  </reporter-output>
  <suite started-at="2023-03-29T10:30:21Z" name="Default suite" finished-at="2023-03-29T10:30:32Z" duration-ms="11062">
    <groups>
    </groups>
    <test started-at="2023-03-29T10:30:21Z" name="Default test" finished-at="2023-03-29T10:30:32Z" duration-ms="11062">
      <class name="practice.Revision">
        <test-method is-config="true" signature="beforeClass()[pri:0, instance:practice.Revision@69453e37]" started-at="2023-03-29T16:00:21Z" name="beforeClass" finished-at="2023-03-29T16:00:24Z" duration-ms="2705" status="PASS">
          <reporter-output>
          </reporter-output>
        </test-method> <!-- beforeClass -->
        <test-method signature="f()[pri:0, instance:practice.Revision@69453e37]" started-at="2023-03-29T16:00:24Z" name="f" finished-at="2023-03-29T16:00:30Z" duration-ms="6770" status="PASS">
          <reporter-output>
          </reporter-output>
        </test-method> <!-- f -->
        <test-method signature="datatable()[pri:2, instance:practice.Revision@69453e37]" started-at="2023-03-29T16:00:30Z" name="datatable" finished-at="2023-03-29T16:00:32Z" duration-ms="1566" status="PASS">
          <reporter-output>
          </reporter-output>
        </test-method> <!-- datatable -->
        <test-method is-config="true" signature="afterClass()[pri:0, instance:practice.Revision@69453e37]" started-at="2023-03-29T16:00:32Z" name="afterClass" finished-at="2023-03-29T16:00:32Z" duration-ms="0" status="PASS">
          <reporter-output>
          </reporter-output>
        </test-method> <!-- afterClass -->
      </class> <!-- practice.Revision -->
    </test> <!-- Default test -->
  </suite> <!-- Default suite -->
</testng-results>
