<?xml version="1.0" encoding="UTF-8"?>
<testng-results total="1" passed="1" failed="0" skipped="0">
  <reporter-output>
  </reporter-output>
  <suite started-at="2023-07-12T09:51:57Z" name="Default suite" finished-at="2023-07-12T09:52:06Z" duration-ms="8762">
    <groups>
    </groups>
    <test started-at="2023-07-12T09:51:57Z" name="Default test" finished-at="2023-07-12T09:52:06Z" duration-ms="8762">
      <class name="Letskode.Uploadfile">
        <test-method is-config="true" signature="beforeClass()[pri:0, instance:Letskode.Uploadfile@4988d8b8]" started-at="2023-07-12T15:21:57Z" name="beforeClass" finished-at="2023-07-12T15:22:03Z" duration-ms="5248" status="PASS">
          <reporter-output>
          </reporter-output>
        </test-method> <!-- beforeClass -->
        <test-method signature="f()[pri:0, instance:Letskode.Uploadfile@4988d8b8]" started-at="2023-07-12T15:22:03Z" name="f" finished-at="2023-07-12T15:22:06Z" duration-ms="3501" status="PASS">
          <reporter-output>
          </reporter-output>
        </test-method> <!-- f -->
      </class> <!-- Letskode.Uploadfile -->
    </test> <!-- Default test -->
  </suite> <!-- Default suite -->
</testng-results>
